Using pre-set license
Built from '2021.3/staging' branch; Version is '2021.3.5f1 (40eb3a945986) revision 4254522'; Using compiler version '192829333'; Build Type 'Release'
OS: 'Windows 10  (10.0.19044) 64bit Professional' Language: 'ko' Physical Memory: 16347 MB
BatchMode: 1, IsHumanControllingUs: 0, StartBugReporterOnCrash: 0, Is64bit: 1, IsPro: 1

COMMAND LINE ARGUMENTS:
D:\Unity\Editor\2021.3.5f1\Editor\Unity.exe
-adb2
-batchMode
-noUpm
-name
AssetImportWorker0
-projectPath
D:/TitanProject/Titan/Titan
-logFile
Logs/AssetImportWorker0.log
-srvPort
49504
Successfully changed project path to: D:/TitanProject/Titan/Titan
D:/TitanProject/Titan/Titan
[UnityMemory] Configuration Parameters - Can be set up in boot.config
    "memorysetup-bucket-allocator-granularity=16"
    "memorysetup-bucket-allocator-bucket-count=8"
    "memorysetup-bucket-allocator-block-size=33554432"
    "memorysetup-bucket-allocator-block-count=8"
    "memorysetup-main-allocator-block-size=16777216"
    "memorysetup-thread-allocator-block-size=16777216"
    "memorysetup-gfx-main-allocator-block-size=16777216"
    "memorysetup-gfx-thread-allocator-block-size=16777216"
    "memorysetup-cache-allocator-block-size=4194304"
    "memorysetup-typetree-allocator-block-size=2097152"
    "memorysetup-profiler-bucket-allocator-granularity=16"
    "memorysetup-profiler-bucket-allocator-bucket-count=8"
    "memorysetup-profiler-bucket-allocator-block-size=33554432"
    "memorysetup-profiler-bucket-allocator-block-count=8"
    "memorysetup-profiler-allocator-block-size=16777216"
    "memorysetup-profiler-editor-allocator-block-size=1048576"
    "memorysetup-temp-allocator-size-main=16777216"
    "memorysetup-job-temp-allocator-block-size=2097152"
    "memorysetup-job-temp-allocator-block-size-background=1048576"
    "memorysetup-job-temp-allocator-reduction-small-platforms=262144"
    "memorysetup-temp-allocator-size-background-worker=32768"
    "memorysetup-temp-allocator-size-job-worker=262144"
    "memorysetup-temp-allocator-size-preload-manager=33554432"
    "memorysetup-temp-allocator-size-nav-mesh-worker=65536"
    "memorysetup-temp-allocator-size-audio-worker=65536"
    "memorysetup-temp-allocator-size-cloud-worker=32768"
    "memorysetup-temp-allocator-size-gi-baking-worker=262144"
    "memorysetup-temp-allocator-size-gfx=262144"
Refreshing native plugins compatible for Editor in 100.62 ms, found 3 plugins.
Preloading 0 native plugins for Editor in 0.00 ms.
Initialize engine version: 2021.3.5f1 (40eb3a945986)
[Subsystems] Discovering subsystems at path D:/Unity/Editor/2021.3.5f1/Editor/Data/Resources/UnitySubsystems
[Subsystems] Discovering subsystems at path D:/TitanProject/Titan/Titan/Assets
GfxDevice: creating device client; threaded=0; jobified=0
Direct3D:
    Version:  Direct3D 11.0 [level 11.1]
    Renderer: NVIDIA GeForce GTX 1050 Ti (ID=0x1c82)
    Vendor:   NVIDIA
    VRAM:     4018 MB
    Driver:   30.0.15.1179
Initialize mono
Mono path[0] = 'D:/Unity/Editor/2021.3.5f1/Editor/Data/Managed'
Mono path[1] = 'D:/Unity/Editor/2021.3.5f1/Editor/Data/MonoBleedingEdge/lib/mono/unityjit-win32'
Mono config path = 'D:/Unity/Editor/2021.3.5f1/Editor/Data/MonoBleedingEdge/etc'
Using monoOptions --debugger-agent=transport=dt_socket,embedding=1,server=y,suspend=n,address=127.0.0.1:56560
Begin MonoManager ReloadAssembly
Registering precompiled unity dll's ...
Register platform support module: D:/Unity/Editor/2021.3.5f1/Editor/Data/PlaybackEngines/AndroidPlayer/UnityEditor.Android.Extensions.dll
Register platform support module: D:/Unity/Editor/2021.3.5f1/Editor/Data/PlaybackEngines/WindowsStandaloneSupport/UnityEditor.WindowsStandalone.Extensions.dll
Registered in 0.005711 seconds.
Native extension for WindowsStandalone target not found
Native extension for Android target not found
Refreshing native plugins compatible for Editor in 95.58 ms, found 3 plugins.
Preloading 0 native plugins for Editor in 0.00 ms.
Mono: successfully reloaded assembly
- Completed reload, in  0.772 seconds
Domain Reload Profiling:
	ReloadAssembly (772ms)
		BeginReloadAssembly (97ms)
			ExecutionOrderSort (0ms)
			DisableScriptedObjects (0ms)
			BackupInstance (0ms)
			ReleaseScriptingObjects (0ms)
			CreateAndSetChildDomain (1ms)
		EndReloadAssembly (552ms)
			LoadAssemblies (98ms)
			RebuildTransferFunctionScriptingTraits (0ms)
			SetupTypeCache (128ms)
			ReleaseScriptCaches (0ms)
			RebuildScriptCaches (31ms)
			SetupLoadedEditorAssemblies (340ms)
				LogAssemblyErrors (0ms)
				InitializePlatformSupportModulesInManaged (65ms)
				SetLoadedEditorAssemblies (0ms)
				RefreshPlugins (96ms)
				BeforeProcessingInitializeOnLoad (1ms)
				ProcessInitializeOnLoadAttributes (112ms)
				ProcessInitializeOnLoadMethodAttributes (65ms)
				AfterProcessingInitializeOnLoad (0ms)
				EditorAssembliesLoaded (0ms)
			ExecutionOrderSort2 (0ms)
			AwakeInstancesAfterBackupRestoration (0ms)
Platform modules already initialized, skipping
Registering precompiled user dll's ...
Registered in 0.007654 seconds.
Begin MonoManager ReloadAssembly
Symbol file LoadedFromMemory doesn't match image D:\TitanProject\Titan\Titan\Library\PackageCache\com.unity.visualscripting@1.7.8\Editor\VisualScripting.Core\Dependencies\YamlDotNet\Unity.VisualScripting.YamlDotNet.dll
Symbol file LoadedFromMemory doesn't match image D:\TitanProject\Titan\Titan\Library\PackageCache\com.unity.visualscripting@1.7.8\Editor\VisualScripting.Core\Dependencies\DotNetZip\Unity.VisualScripting.IonicZip.dll
Native extension for WindowsStandalone target not found
Native extension for Android target not found
Refreshing native plugins compatible for Editor in 0.54 ms, found 3 plugins.
Preloading 0 native plugins for Editor in 0.00 ms.
Mono: successfully reloaded assembly
- Completed reload, in  1.414 seconds
Domain Reload Profiling:
	ReloadAssembly (1415ms)
		BeginReloadAssembly (296ms)
			ExecutionOrderSort (0ms)
			DisableScriptedObjects (10ms)
			BackupInstance (0ms)
			ReleaseScriptingObjects (0ms)
			CreateAndSetChildDomain (164ms)
		EndReloadAssembly (987ms)
			LoadAssemblies (138ms)
			RebuildTransferFunctionScriptingTraits (0ms)
			SetupTypeCache (333ms)
			ReleaseScriptCaches (10ms)
			RebuildScriptCaches (61ms)
			SetupLoadedEditorAssemblies (424ms)
				LogAssemblyErrors (0ms)
				InitializePlatformSupportModulesInManaged (16ms)
				SetLoadedEditorAssemblies (0ms)
				RefreshPlugins (1ms)
				BeforeProcessingInitializeOnLoad (101ms)
				ProcessInitializeOnLoadAttributes (268ms)
				ProcessInitializeOnLoadMethodAttributes (33ms)
				AfterProcessingInitializeOnLoad (5ms)
				EditorAssembliesLoaded (0ms)
			ExecutionOrderSort2 (0ms)
			AwakeInstancesAfterBackupRestoration (9ms)
Platform modules already initialized, skipping
========================================================================
Worker process is ready to serve import requests
Launched and connected shader compiler UnityShaderCompiler.exe after 0.09 seconds
Refreshing native plugins compatible for Editor in 0.62 ms, found 3 plugins.
Preloading 0 native plugins for Editor in 0.00 ms.
Unloading 3368 Unused Serialized files (Serialized files now loaded: 0)
Unloading 27 unused Assets / (111.0 KB). Loaded Objects now: 3826.
Memory consumption went from 115.9 MB to 115.7 MB.
Total: 3.984300 ms (FindLiveObjects: 0.318600 ms CreateObjectMapping: 0.604800 ms MarkObjects: 2.865100 ms  DeleteObjects: 0.194700 ms)

AssetImportParameters requested are different than current active one (requested -> active):
  custom:video-decoder-ogg-theora: a1e56fd34408186e4bbccfd4996cb3dc -> 
  custom:container-muxer-webm: aa71ff27fc2769a1b78a27578f13a17b -> 
  custom:container-demuxer-webm: 4f35f7cbe854078d1ac9338744f61a02 -> 
  custom:video-encoder-webm-vp8: eb34c28f22e8b96e1ab97ce403110664 -> 
  custom:audio-encoder-webm-vorbis: bf7c407c2cedff20999df2af8eb42d56 -> 
  custom:framework-win-MediaFoundation: 216162199b28c13a410421893ffa2e32 -> 
  custom:container-demuxer-ogg: 62fdf1f143b41e24485cea50d1cbac27 -> 
  custom:video-decoder-webm-vp8: 9c59270c3fd7afecdb556c50c9e8de78 -> 
  custom:audio-decoder-ogg-vorbis: bf7c407c2cedff20999df2af8eb42d56 -> 
========================================================================
Received Import Request.
  Time since last request: 944186.129668 seconds.
  path: Assets/_Bad_Raccoon/_3D Realistic Terrain Free/Example_01
  artifactKey: Guid(b2b53254b8d62664abc43d7861467de4) Importer(815301076,1909f56bfc062723c751e8b465ee728b)
Start importing Assets/_Bad_Raccoon/_3D Realistic Terrain Free/Example_01 using Guid(b2b53254b8d62664abc43d7861467de4) Importer(815301076,1909f56bfc062723c751e8b465ee728b)  -> (artifact id: 'dc3e0d5305a3cbf0c991b2f39411246a') in 0.014534 seconds 
========================================================================
Received Import Request.
  Time since last request: 0.032333 seconds.
  path: Assets/_Bad_Raccoon/_3D Realistic Terrain Free/Example_01/LightingData.asset
  artifactKey: Guid(6f93540415d98e246bc508281cdacc30) Importer(815301076,1909f56bfc062723c751e8b465ee728b)
Start importing Assets/_Bad_Raccoon/_3D Realistic Terrain Free/Example_01/LightingData.asset using Guid(6f93540415d98e246bc508281cdacc30) Importer(815301076,1909f56bfc062723c751e8b465ee728b)  -> (artifact id: 'e51f27a8e8b2e475b706efc8d602a9a0') in 0.045763 seconds 
========================================================================
Received Import Request.
  Time since last request: 6.035801 seconds.
  path: Assets/_Bad_Raccoon/_3D Realistic Terrain Free/Textures
  artifactKey: Guid(0d7456e964c39a647bd585e8d401ce69) Importer(815301076,1909f56bfc062723c751e8b465ee728b)
Start importing Assets/_Bad_Raccoon/_3D Realistic Terrain Free/Textures using Guid(0d7456e964c39a647bd585e8d401ce69) Importer(815301076,1909f56bfc062723c751e8b465ee728b)  -> (artifact id: '4725ea2b5f0675121759e7daea558eae') in 0.010362 seconds 
========================================================================
Received Import Request.
  Time since last request: 0.507505 seconds.
  path: Assets/_Bad_Raccoon/_3D Realistic Terrain Free/Terrains
  artifactKey: Guid(f4e8e434242591b43bae295c8f9dbec5) Importer(815301076,1909f56bfc062723c751e8b465ee728b)
Start importing Assets/_Bad_Raccoon/_3D Realistic Terrain Free/Terrains using Guid(f4e8e434242591b43bae295c8f9dbec5) Importer(815301076,1909f56bfc062723c751e8b465ee728b)  -> (artifact id: '493a6ff425d249d610f3f5e79ca713a5') in 0.009054 seconds 
========================================================================
Received Import Request.
  Time since last request: 0.086226 seconds.
  path: Assets/_Bad_Raccoon/_3D Realistic Terrain Free/Terrains/Terrain_A.asset
  artifactKey: Guid(23d26b86ae9aa7042832be147d4e4f83) Importer(815301076,1909f56bfc062723c751e8b465ee728b)
Start importing Assets/_Bad_Raccoon/_3D Realistic Terrain Free/Terrains/Terrain_A.asset using Guid(23d26b86ae9aa7042832be147d4e4f83) Importer(815301076,1909f56bfc062723c751e8b465ee728b)  -> (artifact id: 'a3ebac10fda9ed9b17133ed4e082df32') in 0.264053 seconds 
========================================================================
Received Import Request.
  Time since last request: 0.000025 seconds.
  path: Assets/_Bad_Raccoon/_3D Realistic Terrain Free/Terrains/Terrain_A.prefab
  artifactKey: Guid(80a25b3596c79c3469cefdec12b31546) Importer(815301076,1909f56bfc062723c751e8b465ee728b)
Start importing Assets/_Bad_Raccoon/_3D Realistic Terrain Free/Terrains/Terrain_A.prefab using Guid(80a25b3596c79c3469cefdec12b31546) Importer(815301076,1909f56bfc062723c751e8b465ee728b)  -> (artifact id: '4de2b84dc211e897ae86aafadc020851') in 0.014250 seconds 
========================================================================
Received Import Request.
  Time since last request: 0.000030 seconds.
  path: Assets/_Bad_Raccoon/_3D Realistic Terrain Free/Terrains/Terrain_Diffuse.terrainlayer
  artifactKey: Guid(137d633620436354481d24463efb3deb) Importer(815301076,1909f56bfc062723c751e8b465ee728b)
Start importing Assets/_Bad_Raccoon/_3D Realistic Terrain Free/Terrains/Terrain_Diffuse.terrainlayer using Guid(137d633620436354481d24463efb3deb) Importer(815301076,1909f56bfc062723c751e8b465ee728b)  -> (artifact id: '981e03624f0aea2ea27f9be4c8e13585') in 0.273778 seconds 
========================================================================
Received Import Request.
  Time since last request: 7.275239 seconds.
  path: Assets/_Bad_Raccoon/_3D Realistic Terrain Free/Prefabs/Particle_Cloud_Atmos_A.prefab
  artifactKey: Guid(66f7129f685bccb4082b66a0cc4c3c99) Importer(815301076,1909f56bfc062723c751e8b465ee728b)
Start importing Assets/_Bad_Raccoon/_3D Realistic Terrain Free/Prefabs/Particle_Cloud_Atmos_A.prefab using Guid(66f7129f685bccb4082b66a0cc4c3c99) Importer(815301076,1909f56bfc062723c751e8b465ee728b)  -> (artifact id: '478b7a18155b1bb80965ca6e4abcdf76') in 0.078104 seconds 
========================================================================
Received Import Request.
  Time since last request: 0.428883 seconds.
  path: Assets/_Bad_Raccoon/_3D Realistic Terrain Free/Textures/Ao_4K_Flat_A.png
  artifactKey: Guid(a232a6eb993443a46a05026f0c5bf755) Importer(815301076,1909f56bfc062723c751e8b465ee728b)
Start importing Assets/_Bad_Raccoon/_3D Realistic Terrain Free/Textures/Ao_4K_Flat_A.png using Guid(a232a6eb993443a46a05026f0c5bf755) Importer(815301076,1909f56bfc062723c751e8b465ee728b)  -> (artifact id: 'f32cbb468fd9bdc38c233c6c70d2c704') in 0.034111 seconds 
========================================================================
Received Import Request.
  Time since last request: 0.000052 seconds.
  path: Assets/_Bad_Raccoon/_3D Realistic Terrain Free/Textures/Skybox.mat
  artifactKey: Guid(a91a831221cf96c42a5483d5ce1d14e4) Importer(815301076,1909f56bfc062723c751e8b465ee728b)
Start importing Assets/_Bad_Raccoon/_3D Realistic Terrain Free/Textures/Skybox.mat using Guid(a91a831221cf96c42a5483d5ce1d14e4) Importer(815301076,1909f56bfc062723c751e8b465ee728b)  -> (artifact id: 'cf9f5d4466efe09f597943f2c9222b7b') in 0.141231 seconds 
========================================================================
Received Import Request.
  Time since last request: 0.000028 seconds.
  path: Assets/_Bad_Raccoon/_3D Realistic Terrain Free/Textures/Diffuse_8K_Flat_B.png
  artifactKey: Guid(fc768d5bf2927494197b36691d6fc6f4) Importer(815301076,1909f56bfc062723c751e8b465ee728b)
Start importing Assets/_Bad_Raccoon/_3D Realistic Terrain Free/Textures/Diffuse_8K_Flat_B.png using Guid(fc768d5bf2927494197b36691d6fc6f4) Importer(815301076,1909f56bfc062723c751e8b465ee728b)  -> (artifact id: '4e9094ce7701495b970e82457d9805d4') in 0.096179 seconds 
========================================================================
Received Import Request.
  Time since last request: 0.000059 seconds.
  path: Assets/_Bad_Raccoon/_3D Realistic Terrain Free/Textures/Normal_8K_Flat_A.png
  artifactKey: Guid(25730c9c127766f4cacd99fd1288f0be) Importer(815301076,1909f56bfc062723c751e8b465ee728b)
Start importing Assets/_Bad_Raccoon/_3D Realistic Terrain Free/Textures/Normal_8K_Flat_A.png using Guid(25730c9c127766f4cacd99fd1288f0be) Importer(815301076,1909f56bfc062723c751e8b465ee728b)  -> (artifact id: '42c352594a66e2618d8c207ace113efa') in 0.095387 seconds 
========================================================================
Received Import Request.
  Time since last request: 235.276360 seconds.
  path: Assets/_Bad_Raccoon/_3D Realistic Terrain Free/Terrains/Terrain_A 1.prefab
  artifactKey: Guid(2a27331fd141d2c40bcefc01fee7e4f5) Importer(815301076,1909f56bfc062723c751e8b465ee728b)
Start importing Assets/_Bad_Raccoon/_3D Realistic Terrain Free/Terrains/Terrain_A 1.prefab using Guid(2a27331fd141d2c40bcefc01fee7e4f5) Importer(815301076,1909f56bfc062723c751e8b465ee728b)  -> (artifact id: 'f7c7f91eab8ba1d563b9c4fc12fe344c') in 0.015419 seconds 
========================================================================
Received Import Request.
  Time since last request: 11.630562 seconds.
  path: Assets/_Bad_Raccoon/_3D Realistic Terrain Free/Terrains/Terrain_B.prefab
  artifactKey: Guid(2a27331fd141d2c40bcefc01fee7e4f5) Importer(815301076,1909f56bfc062723c751e8b465ee728b)
Start importing Assets/_Bad_Raccoon/_3D Realistic Terrain Free/Terrains/Terrain_B.prefab using Guid(2a27331fd141d2c40bcefc01fee7e4f5) Importer(815301076,1909f56bfc062723c751e8b465ee728b)  -> (artifact id: '4f57e14af1a8f057b74fef9a64c05bc5') in 0.010496 seconds 
========================================================================
Received Import Request.
  Time since last request: 4.248200 seconds.
  path: Assets/_Bad_Raccoon/_3D Realistic Terrain Free/Terrains/Terrain_A 1.mat
  artifactKey: Guid(94f79ca4bd4f4cb48a8706fb93eba9e2) Importer(815301076,1909f56bfc062723c751e8b465ee728b)
Start importing Assets/_Bad_Raccoon/_3D Realistic Terrain Free/Terrains/Terrain_A 1.mat using Guid(94f79ca4bd4f4cb48a8706fb93eba9e2) Importer(815301076,1909f56bfc062723c751e8b465ee728b)  -> (artifact id: '1d12373b21ef387d91d7d588bed2b75f') in 0.435642 seconds 
========================================================================
Received Import Request.
  Time since last request: 12.010944 seconds.
  path: Assets/_Bad_Raccoon/_3D Realistic Terrain Free/Terrains/Terrain_B.mat
  artifactKey: Guid(94f79ca4bd4f4cb48a8706fb93eba9e2) Importer(815301076,1909f56bfc062723c751e8b465ee728b)
Start importing Assets/_Bad_Raccoon/_3D Realistic Terrain Free/Terrains/Terrain_B.mat using Guid(94f79ca4bd4f4cb48a8706fb93eba9e2) Importer(815301076,1909f56bfc062723c751e8b465ee728b)  -> (artifact id: '023efc60b395df12074bbbac466e7d99') in 0.173028 seconds 
========================================================================
Received Import Request.
  Time since last request: 35.319311 seconds.
  path: Assets/_Bad_Raccoon/_3D Realistic Terrain Free/Terrains/Terrain_B.prefab
  artifactKey: Guid(2a27331fd141d2c40bcefc01fee7e4f5) Importer(815301076,1909f56bfc062723c751e8b465ee728b)
Start importing Assets/_Bad_Raccoon/_3D Realistic Terrain Free/Terrains/Terrain_B.prefab using Guid(2a27331fd141d2c40bcefc01fee7e4f5) Importer(815301076,1909f56bfc062723c751e8b465ee728b)  -> (artifact id: '9cae9477654ea1aa0572567255839440') in 0.009777 seconds 
========================================================================
Received Import Request.
  Time since last request: 1042.251917 seconds.
  path: Assets/_Bad_Raccoon/_3D Realistic Terrain Free/Terrains/Terrain_A.asset
  artifactKey: Guid(23d26b86ae9aa7042832be147d4e4f83) Importer(815301076,1909f56bfc062723c751e8b465ee728b)
Start importing Assets/_Bad_Raccoon/_3D Realistic Terrain Free/Terrains/Terrain_A.asset using Guid(23d26b86ae9aa7042832be147d4e4f83) Importer(815301076,1909f56bfc062723c751e8b465ee728b)  -> (artifact id: 'a799eb2ffde760b8cf26913f45905266') in 0.170664 seconds 
