Using pre-set license
Built from '2021.3/staging' branch; Version is '2021.3.5f1 (40eb3a945986) revision 4254522'; Using compiler version '192829333'; Build Type 'Release'
OS: 'Windows 10  (10.0.19043) 64bit Core' Language: 'ko' Physical Memory: 16316 MB
BatchMode: 1, IsHumanControllingUs: 0, StartBugReporterOnCrash: 0, Is64bit: 1, IsPro: 1

COMMAND LINE ARGUMENTS:
F:\Develop\fileUnity\2021.3.5f1\Editor\Unity.exe
-adb2
-batchMode
-noUpm
-name
AssetImportWorker1
-projectPath
F:/Titan/Titan/Titan
-logFile
Logs/AssetImportWorker1.log
-srvPort
11313
Successfully changed project path to: F:/Titan/Titan/Titan
F:/Titan/Titan/Titan
[UnityMemory] Configuration Parameters - Can be set up in boot.config
    "memorysetup-bucket-allocator-granularity=16"
    "memorysetup-bucket-allocator-bucket-count=8"
    "memorysetup-bucket-allocator-block-size=33554432"
    "memorysetup-bucket-allocator-block-count=8"
    "memorysetup-main-allocator-block-size=16777216"
    "memorysetup-thread-allocator-block-size=16777216"
    "memorysetup-gfx-main-allocator-block-size=16777216"
    "memorysetup-gfx-thread-allocator-block-size=16777216"
    "memorysetup-cache-allocator-block-size=4194304"
    "memorysetup-typetree-allocator-block-size=2097152"
    "memorysetup-profiler-bucket-allocator-granularity=16"
    "memorysetup-profiler-bucket-allocator-bucket-count=8"
    "memorysetup-profiler-bucket-allocator-block-size=33554432"
    "memorysetup-profiler-bucket-allocator-block-count=8"
    "memorysetup-profiler-allocator-block-size=16777216"
    "memorysetup-profiler-editor-allocator-block-size=1048576"
    "memorysetup-temp-allocator-size-main=16777216"
    "memorysetup-job-temp-allocator-block-size=2097152"
    "memorysetup-job-temp-allocator-block-size-background=1048576"
    "memorysetup-job-temp-allocator-reduction-small-platforms=262144"
    "memorysetup-temp-allocator-size-background-worker=32768"
    "memorysetup-temp-allocator-size-job-worker=262144"
    "memorysetup-temp-allocator-size-preload-manager=33554432"
    "memorysetup-temp-allocator-size-nav-mesh-worker=65536"
    "memorysetup-temp-allocator-size-audio-worker=65536"
    "memorysetup-temp-allocator-size-cloud-worker=32768"
    "memorysetup-temp-allocator-size-gi-baking-worker=262144"
    "memorysetup-temp-allocator-size-gfx=262144"
Refreshing native plugins compatible for Editor in 168.83 ms, found 3 plugins.
Preloading 0 native plugins for Editor in 0.00 ms.
Initialize engine version: 2021.3.5f1 (40eb3a945986)
[Subsystems] Discovering subsystems at path F:/Develop/fileUnity/2021.3.5f1/Editor/Data/Resources/UnitySubsystems
[Subsystems] Discovering subsystems at path F:/Titan/Titan/Titan/Assets
GfxDevice: creating device client; threaded=0; jobified=0
Direct3D:
    Version:  Direct3D 11.0 [level 11.1]
    Renderer: NVIDIA GeForce GTX 1060 6GB (ID=0x1c03)
    Vendor:   NVIDIA
    VRAM:     6052 MB
    Driver:   30.0.15.1295
Initialize mono
Mono path[0] = 'F:/Develop/fileUnity/2021.3.5f1/Editor/Data/Managed'
Mono path[1] = 'F:/Develop/fileUnity/2021.3.5f1/Editor/Data/MonoBleedingEdge/lib/mono/unityjit-win32'
Mono config path = 'F:/Develop/fileUnity/2021.3.5f1/Editor/Data/MonoBleedingEdge/etc'
Using monoOptions --debugger-agent=transport=dt_socket,embedding=1,server=y,suspend=n,address=127.0.0.1:56512
Begin MonoManager ReloadAssembly
Registering precompiled unity dll's ...
Register platform support module: F:/Develop/fileUnity/2021.3.5f1/Editor/Data/PlaybackEngines/AndroidPlayer/UnityEditor.Android.Extensions.dll
Register platform support module: F:/Develop/fileUnity/2021.3.5f1/Editor/Data/PlaybackEngines/WindowsStandaloneSupport/UnityEditor.WindowsStandalone.Extensions.dll
Registered in 0.008946 seconds.
Native extension for WindowsStandalone target not found
Native extension for Android target not found
Refreshing native plugins compatible for Editor in 116.61 ms, found 3 plugins.
Preloading 0 native plugins for Editor in 0.00 ms.
Mono: successfully reloaded assembly
- Completed reload, in  1.108 seconds
Domain Reload Profiling:
	ReloadAssembly (1109ms)
		BeginReloadAssembly (161ms)
			ExecutionOrderSort (0ms)
			DisableScriptedObjects (0ms)
			BackupInstance (0ms)
			ReleaseScriptingObjects (0ms)
			CreateAndSetChildDomain (1ms)
		EndReloadAssembly (752ms)
			LoadAssemblies (162ms)
			RebuildTransferFunctionScriptingTraits (0ms)
			SetupTypeCache (165ms)
			ReleaseScriptCaches (0ms)
			RebuildScriptCaches (41ms)
			SetupLoadedEditorAssemblies (476ms)
				LogAssemblyErrors (0ms)
				InitializePlatformSupportModulesInManaged (93ms)
				SetLoadedEditorAssemblies (1ms)
				RefreshPlugins (117ms)
				BeforeProcessingInitializeOnLoad (2ms)
				ProcessInitializeOnLoadAttributes (157ms)
				ProcessInitializeOnLoadMethodAttributes (106ms)
				AfterProcessingInitializeOnLoad (0ms)
				EditorAssembliesLoaded (0ms)
			ExecutionOrderSort2 (0ms)
			AwakeInstancesAfterBackupRestoration (0ms)
Platform modules already initialized, skipping
Registering precompiled user dll's ...
Registered in 0.012457 seconds.
Begin MonoManager ReloadAssembly
Symbol file LoadedFromMemory doesn't match image F:\Titan\Titan\Titan\Library\PackageCache\com.unity.visualscripting@1.7.8\Editor\VisualScripting.Core\Dependencies\YamlDotNet\Unity.VisualScripting.YamlDotNet.dll
Symbol file LoadedFromMemory doesn't match image F:\Titan\Titan\Titan\Library\PackageCache\com.unity.visualscripting@1.7.8\Editor\VisualScripting.Core\Dependencies\DotNetZip\Unity.VisualScripting.IonicZip.dll
Native extension for WindowsStandalone target not found
Native extension for Android target not found
Refreshing native plugins compatible for Editor in 1.17 ms, found 3 plugins.
Preloading 0 native plugins for Editor in 0.00 ms.
Mono: successfully reloaded assembly
- Completed reload, in  2.127 seconds
Domain Reload Profiling:
	ReloadAssembly (2128ms)
		BeginReloadAssembly (329ms)
			ExecutionOrderSort (0ms)
			DisableScriptedObjects (10ms)
			BackupInstance (0ms)
			ReleaseScriptingObjects (0ms)
			CreateAndSetChildDomain (146ms)
		EndReloadAssembly (1477ms)
			LoadAssemblies (214ms)
			RebuildTransferFunctionScriptingTraits (0ms)
			SetupTypeCache (490ms)
			ReleaseScriptCaches (1ms)
			RebuildScriptCaches (96ms)
			SetupLoadedEditorAssemblies (621ms)
				LogAssemblyErrors (0ms)
				InitializePlatformSupportModulesInManaged (25ms)
				SetLoadedEditorAssemblies (1ms)
				RefreshPlugins (1ms)
				BeforeProcessingInitializeOnLoad (144ms)
				ProcessInitializeOnLoadAttributes (397ms)
				ProcessInitializeOnLoadMethodAttributes (49ms)
				AfterProcessingInitializeOnLoad (5ms)
				EditorAssembliesLoaded (0ms)
			ExecutionOrderSort2 (0ms)
			AwakeInstancesAfterBackupRestoration (26ms)
Platform modules already initialized, skipping
========================================================================
Worker process is ready to serve import requests
Launched and connected shader compiler UnityShaderCompiler.exe after 0.09 seconds
Refreshing native plugins compatible for Editor in 1.46 ms, found 3 plugins.
Preloading 0 native plugins for Editor in 0.00 ms.
Unloading 3368 Unused Serialized files (Serialized files now loaded: 0)
Unloading 27 unused Assets / (111.0 KB). Loaded Objects now: 3844.
Memory consumption went from 128.1 MB to 128.0 MB.
Total: 5.496500 ms (FindLiveObjects: 0.484400 ms CreateObjectMapping: 0.171200 ms MarkObjects: 4.641500 ms  DeleteObjects: 0.197400 ms)

AssetImportParameters requested are different than current active one (requested -> active):
  custom:video-decoder-ogg-theora: a1e56fd34408186e4bbccfd4996cb3dc -> 
  custom:container-muxer-webm: aa71ff27fc2769a1b78a27578f13a17b -> 
  custom:container-demuxer-webm: 4f35f7cbe854078d1ac9338744f61a02 -> 
  custom:video-encoder-webm-vp8: eb34c28f22e8b96e1ab97ce403110664 -> 
  custom:audio-encoder-webm-vorbis: bf7c407c2cedff20999df2af8eb42d56 -> 
  custom:framework-win-MediaFoundation: 216162199b28c13a410421893ffa2e32 -> 
  custom:container-demuxer-ogg: 62fdf1f143b41e24485cea50d1cbac27 -> 
  custom:video-decoder-webm-vp8: 9c59270c3fd7afecdb556c50c9e8de78 -> 
  custom:audio-decoder-ogg-vorbis: bf7c407c2cedff20999df2af8eb42d56 -> 
========================================================================
Received Prepare
Registering precompiled user dll's ...
Registered in 0.018654 seconds.
Begin MonoManager ReloadAssembly
Symbol file LoadedFromMemory doesn't match image F:\Titan\Titan\Titan\Library\PackageCache\com.unity.visualscripting@1.7.8\Editor\VisualScripting.Core\Dependencies\YamlDotNet\Unity.VisualScripting.YamlDotNet.dll
Symbol file LoadedFromMemory doesn't match image F:\Titan\Titan\Titan\Library\PackageCache\com.unity.visualscripting@1.7.8\Editor\VisualScripting.Core\Dependencies\DotNetZip\Unity.VisualScripting.IonicZip.dll
Native extension for WindowsStandalone target not found
Native extension for Android target not found
Refreshing native plugins compatible for Editor in 1.10 ms, found 3 plugins.
Preloading 0 native plugins for Editor in 0.00 ms.
Mono: successfully reloaded assembly
- Completed reload, in  1.975 seconds
Domain Reload Profiling:
	ReloadAssembly (1976ms)
		BeginReloadAssembly (342ms)
			ExecutionOrderSort (0ms)
			DisableScriptedObjects (11ms)
			BackupInstance (0ms)
			ReleaseScriptingObjects (0ms)
			CreateAndSetChildDomain (68ms)
		EndReloadAssembly (1427ms)
			LoadAssemblies (265ms)
			RebuildTransferFunctionScriptingTraits (0ms)
			SetupTypeCache (476ms)
			ReleaseScriptCaches (3ms)
			RebuildScriptCaches (72ms)
			SetupLoadedEditorAssemblies (621ms)
				LogAssemblyErrors (0ms)
				InitializePlatformSupportModulesInManaged (38ms)
				SetLoadedEditorAssemblies (1ms)
				RefreshPlugins (1ms)
				BeforeProcessingInitializeOnLoad (102ms)
				ProcessInitializeOnLoadAttributes (425ms)
				ProcessInitializeOnLoadMethodAttributes (48ms)
				AfterProcessingInitializeOnLoad (6ms)
				EditorAssembliesLoaded (0ms)
			ExecutionOrderSort2 (0ms)
			AwakeInstancesAfterBackupRestoration (31ms)
Platform modules already initialized, skipping
Refreshing native plugins compatible for Editor in 3.92 ms, found 3 plugins.
Preloading 0 native plugins for Editor in 0.00 ms.
Unloading 3363 Unused Serialized files (Serialized files now loaded: 0)
Unloading 20 unused Assets / (78.4 KB). Loaded Objects now: 3847.
Memory consumption went from 128.0 MB to 127.9 MB.
Total: 5.900700 ms (FindLiveObjects: 0.441900 ms CreateObjectMapping: 0.149000 ms MarkObjects: 5.003100 ms  DeleteObjects: 0.304900 ms)

AssetImportParameters requested are different than current active one (requested -> active):
  custom:video-decoder-ogg-theora: a1e56fd34408186e4bbccfd4996cb3dc -> 
  custom:container-muxer-webm: aa71ff27fc2769a1b78a27578f13a17b -> 
  custom:container-demuxer-webm: 4f35f7cbe854078d1ac9338744f61a02 -> 
  custom:video-encoder-webm-vp8: eb34c28f22e8b96e1ab97ce403110664 -> 
  custom:audio-encoder-webm-vorbis: bf7c407c2cedff20999df2af8eb42d56 -> 
  custom:framework-win-MediaFoundation: 216162199b28c13a410421893ffa2e32 -> 
  custom:container-demuxer-ogg: 62fdf1f143b41e24485cea50d1cbac27 -> 
  custom:video-decoder-webm-vp8: 9c59270c3fd7afecdb556c50c9e8de78 -> 
  custom:audio-decoder-ogg-vorbis: bf7c407c2cedff20999df2af8eb42d56 -> 
========================================================================
Received Import Request.
  Time since last request: 155772.764874 seconds.
  path: Assets/_Bad_Raccoon/_3D Realistic Terrain Free/Prefabs/Particle_Cloud_Atmos_B.prefab
  artifactKey: Guid(4e5bf2674ffac8d48acc0a1cc9200a67) Importer(815301076,1909f56bfc062723c751e8b465ee728b)
Start importing Assets/_Bad_Raccoon/_3D Realistic Terrain Free/Prefabs/Particle_Cloud_Atmos_B.prefab using Guid(4e5bf2674ffac8d48acc0a1cc9200a67) Importer(815301076,1909f56bfc062723c751e8b465ee728b)  -> (artifact id: 'fc200f3aca33b8f71ad9b442c7413a2d') in 0.197641 seconds 
========================================================================
Received Import Request.
  Time since last request: 11.706778 seconds.
  path: Assets/_Bad_Raccoon/_3D Realistic Terrain Free/Terrains/Terrain_A.mat
  artifactKey: Guid(67d8742ef68267b4895b0a8c82145879) Importer(815301076,1909f56bfc062723c751e8b465ee728b)
Start importing Assets/_Bad_Raccoon/_3D Realistic Terrain Free/Terrains/Terrain_A.mat using Guid(67d8742ef68267b4895b0a8c82145879) Importer(815301076,1909f56bfc062723c751e8b465ee728b)  -> (artifact id: 'd435f35316d034392638cb3d8243d17f') in 0.472893 seconds 
========================================================================
Received Import Request.
  Time since last request: 0.000040 seconds.
  path: Assets/_Bad_Raccoon/_3D Realistic Terrain Free/Terrains/Terrain_Diffuse.terrainlayer
  artifactKey: Guid(137d633620436354481d24463efb3deb) Importer(815301076,1909f56bfc062723c751e8b465ee728b)
Start importing Assets/_Bad_Raccoon/_3D Realistic Terrain Free/Terrains/Terrain_Diffuse.terrainlayer using Guid(137d633620436354481d24463efb3deb) Importer(815301076,1909f56bfc062723c751e8b465ee728b)  -> (artifact id: 'ec3cb420f6cb14557efeb3886f91ca38') in 0.172556 seconds 
========================================================================
Received Import Request.
  Time since last request: 277.833803 seconds.
  path: Assets/_Bad_Raccoon/_3D Realistic Terrain Free/Textures/CloudBlur.png
  artifactKey: Guid(372589839a9c7c84594bb21c04c76f09) Importer(815301076,1909f56bfc062723c751e8b465ee728b)
Start importing Assets/_Bad_Raccoon/_3D Realistic Terrain Free/Textures/CloudBlur.png using Guid(372589839a9c7c84594bb21c04c76f09) Importer(815301076,1909f56bfc062723c751e8b465ee728b)  -> (artifact id: '7114934007c155ea707f84144836f25a') in 0.138731 seconds 
========================================================================
Received Import Request.
  Time since last request: 0.000071 seconds.
  path: Assets/_Bad_Raccoon/_3D Realistic Terrain Free/Textures/Diffuse_8K_Flat_A.png
  artifactKey: Guid(61cd40e5a441efb4e8e848d1633a38ae) Importer(815301076,1909f56bfc062723c751e8b465ee728b)
Start importing Assets/_Bad_Raccoon/_3D Realistic Terrain Free/Textures/Diffuse_8K_Flat_A.png using Guid(61cd40e5a441efb4e8e848d1633a38ae) Importer(815301076,1909f56bfc062723c751e8b465ee728b)  -> (artifact id: '6600b320928a2ac5d8fcd922c5823c7b') in 0.086943 seconds 
========================================================================
Received Import Request.
  Time since last request: 222.588726 seconds.
  path: Assets/_Bad_Raccoon/_3D Realistic Terrain Free/Textures/Diffuse_8K_Flat_B.png
  artifactKey: Guid(fc768d5bf2927494197b36691d6fc6f4) Importer(815301076,1909f56bfc062723c751e8b465ee728b)
Start importing Assets/_Bad_Raccoon/_3D Realistic Terrain Free/Textures/Diffuse_8K_Flat_B.png using Guid(fc768d5bf2927494197b36691d6fc6f4) Importer(815301076,1909f56bfc062723c751e8b465ee728b)  -> (artifact id: '553781d867fbc5d4f4b48c629a34997b') in 0.099864 seconds 
========================================================================
Received Import Request.
  Time since last request: 0.000116 seconds.
  path: Assets/_Bad_Raccoon/_3D Realistic Terrain Free/Textures/Normal_8K_Flat_A.png
  artifactKey: Guid(25730c9c127766f4cacd99fd1288f0be) Importer(815301076,1909f56bfc062723c751e8b465ee728b)
Start importing Assets/_Bad_Raccoon/_3D Realistic Terrain Free/Textures/Normal_8K_Flat_A.png using Guid(25730c9c127766f4cacd99fd1288f0be) Importer(815301076,1909f56bfc062723c751e8b465ee728b)  -> (artifact id: '8e779049d1ff1893415620be2d23d9dc') in 0.095996 seconds 
========================================================================
Received Import Request.
  Time since last request: 835.439086 seconds.
  path: Assets/Erbeilo3d_StylizePack_Demo/Houses/House_V1.prefab
  artifactKey: Guid(2a5b530902dc17f4a8bdbef8787dbbe6) Importer(815301076,1909f56bfc062723c751e8b465ee728b)
Start importing Assets/Erbeilo3d_StylizePack_Demo/Houses/House_V1.prefab using Guid(2a5b530902dc17f4a8bdbef8787dbbe6) Importer(815301076,1909f56bfc062723c751e8b465ee728b)  -> (artifact id: '71ac7561c8d338e62147c5040c7e57b3') in 0.223733 seconds 
========================================================================
Received Import Request.
  Time since last request: 0.000069 seconds.
  path: Assets/Erbeilo3d_StylizePack_Demo/Houses/House_V6.prefab
  artifactKey: Guid(dda06eb7623a5b64595da60e92820cfd) Importer(815301076,1909f56bfc062723c751e8b465ee728b)
Start importing Assets/Erbeilo3d_StylizePack_Demo/Houses/House_V6.prefab using Guid(dda06eb7623a5b64595da60e92820cfd) Importer(815301076,1909f56bfc062723c751e8b465ee728b)  -> (artifact id: 'c4d25aac8a41efc11911b8901e4afbb6') in 0.234407 seconds 
========================================================================
Received Import Request.
  Time since last request: 11.311838 seconds.
  path: Assets/Erbeilo3d_StylizePack_Demo/Assets/Roof/Prefab/Chimney.004.prefab
  artifactKey: Guid(d5bc9095b12a6cb4a898bd4eee035293) Importer(815301076,1909f56bfc062723c751e8b465ee728b)
Start importing Assets/Erbeilo3d_StylizePack_Demo/Assets/Roof/Prefab/Chimney.004.prefab using Guid(d5bc9095b12a6cb4a898bd4eee035293) Importer(815301076,1909f56bfc062723c751e8b465ee728b)  -> (artifact id: '6d13ab1d6e4e667e71d81c9ff0a09ce6') in 0.023056 seconds 
========================================================================
Received Import Request.
  Time since last request: 0.000030 seconds.
  path: Assets/Erbeilo3d_StylizePack_Demo/Assets/Roof/Prefab/Roof_Tile2.prefab
  artifactKey: Guid(38d74748308a9d04e99a9caafac6480a) Importer(815301076,1909f56bfc062723c751e8b465ee728b)
Start importing Assets/Erbeilo3d_StylizePack_Demo/Assets/Roof/Prefab/Roof_Tile2.prefab using Guid(38d74748308a9d04e99a9caafac6480a) Importer(815301076,1909f56bfc062723c751e8b465ee728b)  -> (artifact id: '6d1e9c2ff4e3fcd6adbccb36d69047dc') in 0.025597 seconds 
========================================================================
Received Import Request.
  Time since last request: 0.000031 seconds.
  path: Assets/Erbeilo3d_StylizePack_Demo/Assets/Roof/Prefab/Roof_Tile1.prefab
  artifactKey: Guid(eab225b1ebb1ba14593aabdb132834b4) Importer(815301076,1909f56bfc062723c751e8b465ee728b)
Start importing Assets/Erbeilo3d_StylizePack_Demo/Assets/Roof/Prefab/Roof_Tile1.prefab using Guid(eab225b1ebb1ba14593aabdb132834b4) Importer(815301076,1909f56bfc062723c751e8b465ee728b)  -> (artifact id: '7e9e13c51fbcf0394cd417cfba2f2ae5') in 0.021526 seconds 
========================================================================
Received Import Request.
  Time since last request: 0.000037 seconds.
  path: Assets/Erbeilo3d_StylizePack_Demo/Assets/Roof/Prefab/SaraRoof.prefab
  artifactKey: Guid(9e76e2fdbe49df0438f74b8a25cb7f4b) Importer(815301076,1909f56bfc062723c751e8b465ee728b)
Start importing Assets/Erbeilo3d_StylizePack_Demo/Assets/Roof/Prefab/SaraRoof.prefab using Guid(9e76e2fdbe49df0438f74b8a25cb7f4b) Importer(815301076,1909f56bfc062723c751e8b465ee728b)  -> (artifact id: '50ec930da2b039dc46d282cca988e47e') in 0.022844 seconds 
========================================================================
Received Import Request.
  Time since last request: 37.331109 seconds.
  path: Assets/Erbeilo3d_StylizePack_Demo/Assets/Roof/Texture/Chimney_._MaskMap.png
  artifactKey: Guid(33755fb8fc84f2d4c96498dae890c6a6) Importer(815301076,1909f56bfc062723c751e8b465ee728b)
Start importing Assets/Erbeilo3d_StylizePack_Demo/Assets/Roof/Texture/Chimney_._MaskMap.png using Guid(33755fb8fc84f2d4c96498dae890c6a6) Importer(815301076,1909f56bfc062723c751e8b465ee728b)  -> (artifact id: '92b417f0d38d39b6bf73008ddae5d4f3') in 0.017074 seconds 
========================================================================
Received Import Request.
  Time since last request: 0.000037 seconds.
  path: Assets/Erbeilo3d_StylizePack_Demo/Assets/Roof/Texture/Chimney_._Normal.png
  artifactKey: Guid(9d04365d0aacc04448fd17414a63cab0) Importer(815301076,1909f56bfc062723c751e8b465ee728b)
Start importing Assets/Erbeilo3d_StylizePack_Demo/Assets/Roof/Texture/Chimney_._Normal.png using Guid(9d04365d0aacc04448fd17414a63cab0) Importer(815301076,1909f56bfc062723c751e8b465ee728b)  -> (artifact id: '8cce3a991b2071280bd6c1613c6eba5d') in 0.013867 seconds 
========================================================================
Received Import Request.
  Time since last request: 0.000037 seconds.
  path: Assets/Erbeilo3d_StylizePack_Demo/Assets/Roof/Texture/RoofTile2_._Normal.png
  artifactKey: Guid(59abe6df91aa1fd4cb39057185abfbf7) Importer(815301076,1909f56bfc062723c751e8b465ee728b)
Start importing Assets/Erbeilo3d_StylizePack_Demo/Assets/Roof/Texture/RoofTile2_._Normal.png using Guid(59abe6df91aa1fd4cb39057185abfbf7) Importer(815301076,1909f56bfc062723c751e8b465ee728b)  -> (artifact id: '38c5b490c73a8002ede4e32c64fd5151') in 0.013267 seconds 
========================================================================
Received Import Request.
  Time since last request: 0.000024 seconds.
  path: Assets/Erbeilo3d_StylizePack_Demo/Assets/Roof/Texture/RoofTile2_._BaseMap.png
  artifactKey: Guid(e9bbfba4342372a4781e38caf8c70dc0) Importer(815301076,1909f56bfc062723c751e8b465ee728b)
Start importing Assets/Erbeilo3d_StylizePack_Demo/Assets/Roof/Texture/RoofTile2_._BaseMap.png using Guid(e9bbfba4342372a4781e38caf8c70dc0) Importer(815301076,1909f56bfc062723c751e8b465ee728b)  -> (artifact id: 'bc6bbcc8a580cd8927951456d9ba8f8f') in 0.012238 seconds 
========================================================================
Received Import Request.
  Time since last request: 46.953649 seconds.
  path: Assets/Erbeilo3d_StylizePack_Demo/Houses/House_V1.prefab
  artifactKey: Guid(2a5b530902dc17f4a8bdbef8787dbbe6) Importer(815301076,1909f56bfc062723c751e8b465ee728b)
Start importing Assets/Erbeilo3d_StylizePack_Demo/Houses/House_V1.prefab using Guid(2a5b530902dc17f4a8bdbef8787dbbe6) Importer(815301076,1909f56bfc062723c751e8b465ee728b)  -> (artifact id: '6adc872f77a86e3594b26f8f5a60411e') in 0.575399 seconds 
========================================================================
Received Import Request.
  Time since last request: 0.000041 seconds.
  path: Assets/Erbeilo3d_StylizePack_Demo/Houses/House_V6.prefab
  artifactKey: Guid(dda06eb7623a5b64595da60e92820cfd) Importer(815301076,1909f56bfc062723c751e8b465ee728b)
Start importing Assets/Erbeilo3d_StylizePack_Demo/Houses/House_V6.prefab using Guid(dda06eb7623a5b64595da60e92820cfd) Importer(815301076,1909f56bfc062723c751e8b465ee728b)  -> (artifact id: 'da19ec0cd210306a134d9342a582ffdf') in 0.210776 seconds 
========================================================================
Received Import Request.
  Time since last request: 34.482664 seconds.
  path: Assets/Erbeilo3d_StylizePack_Demo/Assets/Doors/Prefab/DoorFrame.prefab
  artifactKey: Guid(9eefa3addd967d746960a484d473214b) Importer(815301076,1909f56bfc062723c751e8b465ee728b)
Start importing Assets/Erbeilo3d_StylizePack_Demo/Assets/Doors/Prefab/DoorFrame.prefab using Guid(9eefa3addd967d746960a484d473214b) Importer(815301076,1909f56bfc062723c751e8b465ee728b)  -> (artifact id: 'f5a8970206379425697cf8504222b682') in 0.022165 seconds 
========================================================================
Received Import Request.
  Time since last request: 0.000028 seconds.
  path: Assets/Erbeilo3d_StylizePack_Demo/Assets/Doors/Prefab/Sqaure_Door.prefab
  artifactKey: Guid(c79b9a0eeeff48049a546da061bca2a9) Importer(815301076,1909f56bfc062723c751e8b465ee728b)
Start importing Assets/Erbeilo3d_StylizePack_Demo/Assets/Doors/Prefab/Sqaure_Door.prefab using Guid(c79b9a0eeeff48049a546da061bca2a9) Importer(815301076,1909f56bfc062723c751e8b465ee728b)  -> (artifact id: 'e3d0db7b25b60f0ca48dfce8bd768c0c') in 0.045566 seconds 
