Using pre-set license
Built from '2021.3/staging' branch; Version is '2021.3.5f1 (40eb3a945986) revision 4254522'; Using compiler version '192829333'; Build Type 'Release'
OS: 'Windows 10  (10.0.19043) 64bit Core' Language: 'ko' Physical Memory: 16316 MB
BatchMode: 1, IsHumanControllingUs: 0, StartBugReporterOnCrash: 0, Is64bit: 1, IsPro: 1

COMMAND LINE ARGUMENTS:
F:\Develop\fileUnity\2021.3.5f1\Editor\Unity.exe
-adb2
-batchMode
-noUpm
-name
AssetImportWorker1
-projectPath
F:/Titan/Titan/Titan
-logFile
Logs/AssetImportWorker1.log
-srvPort
14125
Successfully changed project path to: F:/Titan/Titan/Titan
F:/Titan/Titan/Titan
[UnityMemory] Configuration Parameters - Can be set up in boot.config
    "memorysetup-bucket-allocator-granularity=16"
    "memorysetup-bucket-allocator-bucket-count=8"
    "memorysetup-bucket-allocator-block-size=33554432"
    "memorysetup-bucket-allocator-block-count=8"
    "memorysetup-main-allocator-block-size=16777216"
    "memorysetup-thread-allocator-block-size=16777216"
    "memorysetup-gfx-main-allocator-block-size=16777216"
    "memorysetup-gfx-thread-allocator-block-size=16777216"
    "memorysetup-cache-allocator-block-size=4194304"
    "memorysetup-typetree-allocator-block-size=2097152"
    "memorysetup-profiler-bucket-allocator-granularity=16"
    "memorysetup-profiler-bucket-allocator-bucket-count=8"
    "memorysetup-profiler-bucket-allocator-block-size=33554432"
    "memorysetup-profiler-bucket-allocator-block-count=8"
    "memorysetup-profiler-allocator-block-size=16777216"
    "memorysetup-profiler-editor-allocator-block-size=1048576"
    "memorysetup-temp-allocator-size-main=16777216"
    "memorysetup-job-temp-allocator-block-size=2097152"
    "memorysetup-job-temp-allocator-block-size-background=1048576"
    "memorysetup-job-temp-allocator-reduction-small-platforms=262144"
    "memorysetup-temp-allocator-size-background-worker=32768"
    "memorysetup-temp-allocator-size-job-worker=262144"
    "memorysetup-temp-allocator-size-preload-manager=33554432"
    "memorysetup-temp-allocator-size-nav-mesh-worker=65536"
    "memorysetup-temp-allocator-size-audio-worker=65536"
    "memorysetup-temp-allocator-size-cloud-worker=32768"
    "memorysetup-temp-allocator-size-gi-baking-worker=262144"
    "memorysetup-temp-allocator-size-gfx=262144"
Refreshing native plugins compatible for Editor in 127.66 ms, found 3 plugins.
Preloading 0 native plugins for Editor in 0.00 ms.
Initialize engine version: 2021.3.5f1 (40eb3a945986)
[Subsystems] Discovering subsystems at path F:/Develop/fileUnity/2021.3.5f1/Editor/Data/Resources/UnitySubsystems
[Subsystems] Discovering subsystems at path F:/Titan/Titan/Titan/Assets
GfxDevice: creating device client; threaded=0; jobified=0
Direct3D:
    Version:  Direct3D 11.0 [level 11.1]
    Renderer: NVIDIA GeForce GTX 1060 6GB (ID=0x1c03)
    Vendor:   NVIDIA
    VRAM:     6052 MB
    Driver:   30.0.15.1295
Initialize mono
Mono path[0] = 'F:/Develop/fileUnity/2021.3.5f1/Editor/Data/Managed'
Mono path[1] = 'F:/Develop/fileUnity/2021.3.5f1/Editor/Data/MonoBleedingEdge/lib/mono/unityjit-win32'
Mono config path = 'F:/Develop/fileUnity/2021.3.5f1/Editor/Data/MonoBleedingEdge/etc'
Using monoOptions --debugger-agent=transport=dt_socket,embedding=1,server=y,suspend=n,address=127.0.0.1:56864
Begin MonoManager ReloadAssembly
Registering precompiled unity dll's ...
Register platform support module: F:/Develop/fileUnity/2021.3.5f1/Editor/Data/PlaybackEngines/AndroidPlayer/UnityEditor.Android.Extensions.dll
Register platform support module: F:/Develop/fileUnity/2021.3.5f1/Editor/Data/PlaybackEngines/WindowsStandaloneSupport/UnityEditor.WindowsStandalone.Extensions.dll
Registered in 0.007186 seconds.
Native extension for WindowsStandalone target not found
Native extension for Android target not found
Refreshing native plugins compatible for Editor in 159.77 ms, found 3 plugins.
Preloading 0 native plugins for Editor in 0.00 ms.
Mono: successfully reloaded assembly
- Completed reload, in  1.105 seconds
Domain Reload Profiling:
	ReloadAssembly (1106ms)
		BeginReloadAssembly (173ms)
			ExecutionOrderSort (0ms)
			DisableScriptedObjects (0ms)
			BackupInstance (0ms)
			ReleaseScriptingObjects (0ms)
			CreateAndSetChildDomain (1ms)
		EndReloadAssembly (742ms)
			LoadAssemblies (175ms)
			RebuildTransferFunctionScriptingTraits (0ms)
			SetupTypeCache (166ms)
			ReleaseScriptCaches (0ms)
			RebuildScriptCaches (37ms)
			SetupLoadedEditorAssemblies (470ms)
				LogAssemblyErrors (0ms)
				InitializePlatformSupportModulesInManaged (88ms)
				SetLoadedEditorAssemblies (1ms)
				RefreshPlugins (160ms)
				BeforeProcessingInitializeOnLoad (2ms)
				ProcessInitializeOnLoadAttributes (146ms)
				ProcessInitializeOnLoadMethodAttributes (73ms)
				AfterProcessingInitializeOnLoad (0ms)
				EditorAssembliesLoaded (0ms)
			ExecutionOrderSort2 (0ms)
			AwakeInstancesAfterBackupRestoration (0ms)
Platform modules already initialized, skipping
Registering precompiled user dll's ...
Registered in 0.010706 seconds.
Begin MonoManager ReloadAssembly
Symbol file LoadedFromMemory doesn't match image F:\Titan\Titan\Titan\Library\PackageCache\com.unity.visualscripting@1.7.8\Editor\VisualScripting.Core\Dependencies\YamlDotNet\Unity.VisualScripting.YamlDotNet.dll
Symbol file LoadedFromMemory doesn't match image F:\Titan\Titan\Titan\Library\PackageCache\com.unity.visualscripting@1.7.8\Editor\VisualScripting.Core\Dependencies\DotNetZip\Unity.VisualScripting.IonicZip.dll
Native extension for WindowsStandalone target not found
Native extension for Android target not found
Refreshing native plugins compatible for Editor in 1.13 ms, found 3 plugins.
Preloading 0 native plugins for Editor in 0.00 ms.
Mono: successfully reloaded assembly
- Completed reload, in  1.710 seconds
Domain Reload Profiling:
	ReloadAssembly (1712ms)
		BeginReloadAssembly (339ms)
			ExecutionOrderSort (0ms)
			DisableScriptedObjects (10ms)
			BackupInstance (0ms)
			ReleaseScriptingObjects (0ms)
			CreateAndSetChildDomain (147ms)
		EndReloadAssembly (1182ms)
			LoadAssemblies (210ms)
			RebuildTransferFunctionScriptingTraits (0ms)
			SetupTypeCache (374ms)
			ReleaseScriptCaches (1ms)
			RebuildScriptCaches (75ms)
			SetupLoadedEditorAssemblies (508ms)
				LogAssemblyErrors (0ms)
				InitializePlatformSupportModulesInManaged (27ms)
				SetLoadedEditorAssemblies (1ms)
				RefreshPlugins (1ms)
				BeforeProcessingInitializeOnLoad (113ms)
				ProcessInitializeOnLoadAttributes (321ms)
				ProcessInitializeOnLoadMethodAttributes (41ms)
				AfterProcessingInitializeOnLoad (5ms)
				EditorAssembliesLoaded (0ms)
			ExecutionOrderSort2 (0ms)
			AwakeInstancesAfterBackupRestoration (21ms)
Platform modules already initialized, skipping
========================================================================
Worker process is ready to serve import requests
Launched and connected shader compiler UnityShaderCompiler.exe after 0.07 seconds
Refreshing native plugins compatible for Editor in 1.56 ms, found 3 plugins.
Preloading 0 native plugins for Editor in 0.00 ms.
Unloading 3377 Unused Serialized files (Serialized files now loaded: 0)
Unloading 27 unused Assets / (111.8 KB). Loaded Objects now: 3858.
Memory consumption went from 132.6 MB to 132.5 MB.
Total: 6.667700 ms (FindLiveObjects: 0.508200 ms CreateObjectMapping: 0.231800 ms MarkObjects: 5.733500 ms  DeleteObjects: 0.192600 ms)

AssetImportParameters requested are different than current active one (requested -> active):
  custom:video-decoder-ogg-theora: a1e56fd34408186e4bbccfd4996cb3dc -> 
  custom:container-muxer-webm: aa71ff27fc2769a1b78a27578f13a17b -> 
  custom:container-demuxer-webm: 4f35f7cbe854078d1ac9338744f61a02 -> 
  custom:video-encoder-webm-vp8: eb34c28f22e8b96e1ab97ce403110664 -> 
  custom:audio-encoder-webm-vorbis: bf7c407c2cedff20999df2af8eb42d56 -> 
  custom:framework-win-MediaFoundation: 216162199b28c13a410421893ffa2e32 -> 
  custom:container-demuxer-ogg: 62fdf1f143b41e24485cea50d1cbac27 -> 
  custom:video-decoder-webm-vp8: 9c59270c3fd7afecdb556c50c9e8de78 -> 
  custom:audio-decoder-ogg-vorbis: bf7c407c2cedff20999df2af8eb42d56 -> 
========================================================================
Received Import Request.
  Time since last request: 229143.090160 seconds.
  path: Assets/Free Island Collection/Environment/Terrain/Textures/Cliff_1/Cliff_1_Diffuse.tif
  artifactKey: Guid(44c76103676243f41a593d9dcfb63e2a) Importer(815301076,1909f56bfc062723c751e8b465ee728b)
Start importing Assets/Free Island Collection/Environment/Terrain/Textures/Cliff_1/Cliff_1_Diffuse.tif using Guid(44c76103676243f41a593d9dcfb63e2a) Importer(815301076,1909f56bfc062723c751e8b465ee728b)  -> (artifact id: '6aafe30206ba3c471df9951191604db0') in 0.214265 seconds 
========================================================================
Received Import Request.
  Time since last request: 0.000051 seconds.
  path: Assets/Free Island Collection/Environment/Terrain/Textures/Dirt_2/Dirt_2_Diffuse.tif
  artifactKey: Guid(be60de281999eee428cb58e0c908dc13) Importer(815301076,1909f56bfc062723c751e8b465ee728b)
Start importing Assets/Free Island Collection/Environment/Terrain/Textures/Dirt_2/Dirt_2_Diffuse.tif using Guid(be60de281999eee428cb58e0c908dc13) Importer(815301076,1909f56bfc062723c751e8b465ee728b)  -> (artifact id: 'b47e6917079c4b1b60f74e029c647d35') in 0.038641 seconds 
========================================================================
Received Import Request.
  Time since last request: 0.000056 seconds.
  path: Assets/Free Island Collection/Environment/Terrain/Textures/Grass_2/Grass_2_Diffuse.tif
  artifactKey: Guid(d3bf48d327d33be44bfc0862c7e8367c) Importer(815301076,1909f56bfc062723c751e8b465ee728b)
Start importing Assets/Free Island Collection/Environment/Terrain/Textures/Grass_2/Grass_2_Diffuse.tif using Guid(d3bf48d327d33be44bfc0862c7e8367c) Importer(815301076,1909f56bfc062723c751e8b465ee728b)  -> (artifact id: '95f3959de824b830b42ad09cc56de28b') in 0.027803 seconds 
========================================================================
Received Import Request.
  Time since last request: 0.000036 seconds.
  path: Assets/Free Island Collection/Environment/Terrain/Textures/Dirt_1/Dirt_1_Diffuse.tif
  artifactKey: Guid(721e0006ccd5ef64abea0e806ed8c207) Importer(815301076,1909f56bfc062723c751e8b465ee728b)
Start importing Assets/Free Island Collection/Environment/Terrain/Textures/Dirt_1/Dirt_1_Diffuse.tif using Guid(721e0006ccd5ef64abea0e806ed8c207) Importer(815301076,1909f56bfc062723c751e8b465ee728b)  -> (artifact id: 'b8b06cf74d839cb6a6176c19fb3a16b6') in 0.022920 seconds 
========================================================================
Received Import Request.
  Time since last request: 0.000029 seconds.
  path: Assets/Free Island Collection/Environment/Terrain/Textures/Grass_1/Grass_1_Diffuse.tif
  artifactKey: Guid(75ec9d666a8e3c8468361ddb5475adcc) Importer(815301076,1909f56bfc062723c751e8b465ee728b)
Start importing Assets/Free Island Collection/Environment/Terrain/Textures/Grass_1/Grass_1_Diffuse.tif using Guid(75ec9d666a8e3c8468361ddb5475adcc) Importer(815301076,1909f56bfc062723c751e8b465ee728b)  -> (artifact id: '4108ff5eefbdc8f2bc3f7b1b0873d340') in 0.019167 seconds 
========================================================================
Received Import Request.
  Time since last request: 265.039441 seconds.
  path: Assets/_TerrainAutoUpgrade/layer_Cliff_2_DiffuseCliff_2_Normaleda51f90c7f37482.terrainlayer
  artifactKey: Guid(a783b03e36463e14c9082d6bef7ac582) Importer(815301076,1909f56bfc062723c751e8b465ee728b)
Start importing Assets/_TerrainAutoUpgrade/layer_Cliff_2_DiffuseCliff_2_Normaleda51f90c7f37482.terrainlayer using Guid(a783b03e36463e14c9082d6bef7ac582) Importer(815301076,1909f56bfc062723c751e8b465ee728b)  -> (artifact id: 'b2c8735a3f2b217802943ea355fb32b4') in 0.094037 seconds 
========================================================================
Received Import Request.
  Time since last request: 0.000038 seconds.
  path: Assets/_TerrainAutoUpgrade/layer_Dirt_1_DiffuseDirt_1_Normal2023054508611406.terrainlayer
  artifactKey: Guid(f6686fb904abdbb48b91d09705bb857b) Importer(815301076,1909f56bfc062723c751e8b465ee728b)
Start importing Assets/_TerrainAutoUpgrade/layer_Dirt_1_DiffuseDirt_1_Normal2023054508611406.terrainlayer using Guid(f6686fb904abdbb48b91d09705bb857b) Importer(815301076,1909f56bfc062723c751e8b465ee728b)  -> (artifact id: 'b62fe5165bdf8f237c9633cb133ed365') in 0.027181 seconds 
========================================================================
Received Import Request.
  Time since last request: 2.827363 seconds.
  path: Assets/_TerrainAutoUpgrade/layer_Mossy_Rock_DiffuseMossy_Rock_Normal2023054508611406.terrainlayer
  artifactKey: Guid(20e386bdee58eea4182f25761db186ae) Importer(815301076,1909f56bfc062723c751e8b465ee728b)
Start importing Assets/_TerrainAutoUpgrade/layer_Mossy_Rock_DiffuseMossy_Rock_Normal2023054508611406.terrainlayer using Guid(20e386bdee58eea4182f25761db186ae) Importer(815301076,1909f56bfc062723c751e8b465ee728b)  -> (artifact id: '46da08f9cb7b8cce409bd4e281d3743d') in 0.116353 seconds 
========================================================================
Received Import Request.
  Time since last request: 0.492737 seconds.
  path: Assets/_Bad_Raccoon/_3D Realistic Terrain Free/Terrains/Terrain_Diffuse.terrainlayer
  artifactKey: Guid(137d633620436354481d24463efb3deb) Importer(815301076,1909f56bfc062723c751e8b465ee728b)
Start importing Assets/_Bad_Raccoon/_3D Realistic Terrain Free/Terrains/Terrain_Diffuse.terrainlayer using Guid(137d633620436354481d24463efb3deb) Importer(815301076,1909f56bfc062723c751e8b465ee728b)  -> (artifact id: '3554b3229d147aaa2df9502c574a9b7d') in 0.760857 seconds 
========================================================================
Received Prepare
Registering precompiled user dll's ...
Registered in 0.010398 seconds.
Begin MonoManager ReloadAssembly
Symbol file LoadedFromMemory doesn't match image F:\Titan\Titan\Titan\Library\PackageCache\com.unity.visualscripting@1.7.8\Editor\VisualScripting.Core\Dependencies\YamlDotNet\Unity.VisualScripting.YamlDotNet.dll
Symbol file LoadedFromMemory doesn't match image F:\Titan\Titan\Titan\Library\PackageCache\com.unity.visualscripting@1.7.8\Editor\VisualScripting.Core\Dependencies\DotNetZip\Unity.VisualScripting.IonicZip.dll
Native extension for WindowsStandalone target not found
Native extension for Android target not found
Refreshing native plugins compatible for Editor in 1.41 ms, found 3 plugins.
Preloading 0 native plugins for Editor in 0.00 ms.
Mono: successfully reloaded assembly
- Completed reload, in  2.030 seconds
Domain Reload Profiling:
	ReloadAssembly (2032ms)
		BeginReloadAssembly (433ms)
			ExecutionOrderSort (0ms)
			DisableScriptedObjects (19ms)
			BackupInstance (0ms)
			ReleaseScriptingObjects (0ms)
			CreateAndSetChildDomain (154ms)
		EndReloadAssembly (1424ms)
			LoadAssemblies (233ms)
			RebuildTransferFunctionScriptingTraits (0ms)
			SetupTypeCache (494ms)
			ReleaseScriptCaches (2ms)
			RebuildScriptCaches (70ms)
			SetupLoadedEditorAssemblies (622ms)
				LogAssemblyErrors (0ms)
				InitializePlatformSupportModulesInManaged (38ms)
				SetLoadedEditorAssemblies (1ms)
				RefreshPlugins (2ms)
				BeforeProcessingInitializeOnLoad (153ms)
				ProcessInitializeOnLoadAttributes (375ms)
				ProcessInitializeOnLoadMethodAttributes (48ms)
				AfterProcessingInitializeOnLoad (5ms)
				EditorAssembliesLoaded (0ms)
			ExecutionOrderSort2 (0ms)
			AwakeInstancesAfterBackupRestoration (23ms)
Platform modules already initialized, skipping
Refreshing native plugins compatible for Editor in 4.13 ms, found 3 plugins.
Preloading 0 native plugins for Editor in 0.00 ms.
Unloading 3370 Unused Serialized files (Serialized files now loaded: 0)
Unloading 20 unused Assets / (79.6 KB). Loaded Objects now: 3866.
Memory consumption went from 136.6 MB to 136.6 MB.
Total: 9.736500 ms (FindLiveObjects: 0.652100 ms CreateObjectMapping: 0.626600 ms MarkObjects: 8.122300 ms  DeleteObjects: 0.333700 ms)

AssetImportParameters requested are different than current active one (requested -> active):
  custom:video-decoder-ogg-theora: a1e56fd34408186e4bbccfd4996cb3dc -> 
  custom:container-muxer-webm: aa71ff27fc2769a1b78a27578f13a17b -> 
  custom:container-demuxer-webm: 4f35f7cbe854078d1ac9338744f61a02 -> 
  custom:video-encoder-webm-vp8: eb34c28f22e8b96e1ab97ce403110664 -> 
  custom:audio-encoder-webm-vorbis: bf7c407c2cedff20999df2af8eb42d56 -> 
  custom:framework-win-MediaFoundation: 216162199b28c13a410421893ffa2e32 -> 
  custom:container-demuxer-ogg: 62fdf1f143b41e24485cea50d1cbac27 -> 
  custom:video-decoder-webm-vp8: 9c59270c3fd7afecdb556c50c9e8de78 -> 
  custom:audio-decoder-ogg-vorbis: bf7c407c2cedff20999df2af8eb42d56 -> 
========================================================================
Received Import Request.
  Time since last request: 5049.667770 seconds.
  path: Assets/New Terrain 3.asset
  artifactKey: Guid(d374fcfa6bd009a43afe272117492194) Importer(815301076,1909f56bfc062723c751e8b465ee728b)
Start importing Assets/New Terrain 3.asset using Guid(d374fcfa6bd009a43afe272117492194) Importer(815301076,1909f56bfc062723c751e8b465ee728b)  -> (artifact id: '66a52f901ad1aa863b0ba33c39e03568') in 0.039198 seconds 
========================================================================
Received Import Request.
  Time since last request: 16.232002 seconds.
  path: Assets/New Terrain 2.asset
  artifactKey: Guid(9ad58b88d01453744a4cf1f315ab83d3) Importer(815301076,1909f56bfc062723c751e8b465ee728b)
Start importing Assets/New Terrain 2.asset using Guid(9ad58b88d01453744a4cf1f315ab83d3) Importer(815301076,1909f56bfc062723c751e8b465ee728b)  -> (artifact id: 'bfd11df8c00f3fb6a2b991f44c994a80') in 0.078454 seconds 
========================================================================
Received Import Request.
  Time since last request: 0.000037 seconds.
  path: Assets/New Terrain 3.asset
  artifactKey: Guid(d374fcfa6bd009a43afe272117492194) Importer(815301076,1909f56bfc062723c751e8b465ee728b)
Start importing Assets/New Terrain 3.asset using Guid(d374fcfa6bd009a43afe272117492194) Importer(815301076,1909f56bfc062723c751e8b465ee728b)  -> (artifact id: '132228409f3d1294304f18dc6797fb48') in 0.039988 seconds 
